Using pre-set license
Built from '2021.1/release' branch; Version is '2021.1.16f1 (5fa502fca597) revision 6268162'; Using compiler version '192528614'; Build Type 'Release'
OS: 'Windows 10 Home; OS build 19042.1110; Version 2009; 64bit' Language: 'en' Physical Memory: 32641 MB
BatchMode: 1, IsHumanControllingUs: 0, StartBugReporterOnCrash: 0, Is64bit: 1, IsPro: 0

 COMMAND LINE ARGUMENTS:
D:\_GameDevStuff\UnityStuff\Unity\Hub\Editor\2021.1.16f1\Editor\Unity.exe
-adb2
-batchMode
-noUpm
-name
AssetImportWorker0
-projectPath
D:/_GameDevStuff/UnityStuff/Projects/CatLikeCodingMovement
-logFile
Logs/AssetImportWorker0.log
-srvPort
62586
Successfully changed project path to: D:/_GameDevStuff/UnityStuff/Projects/CatLikeCodingMovement
D:/_GameDevStuff/UnityStuff/Projects/CatLikeCodingMovement
Using Asset Import Pipeline V2.
Refreshing native plugins compatible for Editor in 110.34 ms, found 3 plugins.
Preloading 0 native plugins for Editor in 0.00 ms.
Initialize engine version: 2021.1.16f1 (5fa502fca597)
[Subsystems] Discovering subsystems at path D:/_GameDevStuff/UnityStuff/Unity/Hub/Editor/2021.1.16f1/Editor/Data/Resources/UnitySubsystems
[Subsystems] Discovering subsystems at path D:/_GameDevStuff/UnityStuff/Projects/CatLikeCodingMovement/Assets
GfxDevice: creating device client; threaded=0; jobified=0
Direct3D:
    Version:  Direct3D 11.0 [level 11.1]
    Renderer: NVIDIA GeForce RTX 2080 (ID=0x1e87)
    Vendor:   NVIDIA
    VRAM:     8010 MB
    Driver:   30.0.14.7141
Initialize mono
Mono path[0] = 'D:/_GameDevStuff/UnityStuff/Unity/Hub/Editor/2021.1.16f1/Editor/Data/Managed'
Mono path[1] = 'D:/_GameDevStuff/UnityStuff/Unity/Hub/Editor/2021.1.16f1/Editor/Data/MonoBleedingEdge/lib/mono/unityjit'
Mono config path = 'D:/_GameDevStuff/UnityStuff/Unity/Hub/Editor/2021.1.16f1/Editor/Data/MonoBleedingEdge/etc'
Using monoOptions --debugger-agent=transport=dt_socket,embedding=1,server=y,suspend=n,address=127.0.0.1:56272
Begin MonoManager ReloadAssembly
Registering precompiled unity dll's ...
Register platform support module: D:/_GameDevStuff/UnityStuff/Unity/Hub/Editor/2021.1.16f1/Editor/Data/PlaybackEngines/WebGLSupport/UnityEditor.WebGL.Extensions.dll
Register platform support module: D:/_GameDevStuff/UnityStuff/Unity/Hub/Editor/2021.1.16f1/Editor/Data/PlaybackEngines/WindowsStandaloneSupport/UnityEditor.WindowsStandalone.Extensions.dll
Registered in 0.001764 seconds.
Native extension for WindowsStandalone target not found
Native extension for WebGL target not found
Refreshing native plugins compatible for Editor in 102.19 ms, found 3 plugins.
Preloading 0 native plugins for Editor in 0.00 ms.
Mono: successfully reloaded assembly
- Completed reload, in  2.047 seconds
Domain Reload Profiling:
	ReloadAssembly (2047ms)
		BeginReloadAssembly (67ms)
			ExecutionOrderSort (0ms)
			DisableScriptedObjects (0ms)
			BackupInstance (0ms)
			ReleaseScriptingObjects (0ms)
			CreateAndSetChildDomain (1ms)
		EndReloadAssembly (512ms)
			LoadAssemblies (66ms)
			RebuildTransferFunctionScriptingTraits (0ms)
			SetupTypeCache (185ms)
			ReleaseScriptCaches (0ms)
			RebuildScriptCaches (29ms)
			SetupLoadedEditorAssemblies (250ms)
				LogAssemblyErrors (0ms)
				InitializePlatformSupportModulesInManaged (7ms)
				SetLoadedEditorAssemblies (0ms)
				RefreshPlugins (102ms)
				BeforeProcessingInitializeOnLoad (2ms)
				ProcessInitializeOnLoadAttributes (106ms)
				ProcessInitializeOnLoadMethodAttributes (32ms)
				AfterProcessingInitializeOnLoad (0ms)
				EditorAssembliesLoaded (0ms)
			ExecutionOrderSort2 (0ms)
			AwakeInstancesAfterBackupRestoration (0ms)
Platform modules already initialized, skipping
Registering precompiled user dll's ...
Registered in 0.005332 seconds.
Begin MonoManager ReloadAssembly
Symbol file LoadedFromMemory doesn't match image D:\_GameDevStuff\UnityStuff\Projects\CatLikeCodingMovement\Library\PackageCache\com.unity.visualscripting@1.6.1\Editor\VisualScripting.Core\Dependencies\YamlDotNet\Unity.VisualScripting.YamlDotNet.dll
Symbol file LoadedFromMemory doesn't match image D:\_GameDevStuff\UnityStuff\Projects\CatLikeCodingMovement\Library\PackageCache\com.unity.visualscripting@1.6.1\Editor\VisualScripting.Core\Dependencies\DotNetZip\Unity.VisualScripting.IonicZip.dll
Native extension for WindowsStandalone target not found
Native extension for WebGL target not found
Refreshing native plugins compatible for Editor in 97.97 ms, found 3 plugins.
Preloading 0 native plugins for Editor in 0.00 ms.
Mono: successfully reloaded assembly
- Completed reload, in  1.602 seconds
Domain Reload Profiling:
	ReloadAssembly (1603ms)
		BeginReloadAssembly (168ms)
			ExecutionOrderSort (0ms)
			DisableScriptedObjects (5ms)
			BackupInstance (0ms)
			ReleaseScriptingObjects (0ms)
			CreateAndSetChildDomain (22ms)
		EndReloadAssembly (1374ms)
			LoadAssemblies (110ms)
			RebuildTransferFunctionScriptingTraits (0ms)
			SetupTypeCache (379ms)
			ReleaseScriptCaches (1ms)
			RebuildScriptCaches (58ms)
			SetupLoadedEditorAssemblies (737ms)
				LogAssemblyErrors (0ms)
				InitializePlatformSupportModulesInManaged (5ms)
				SetLoadedEditorAssemblies (0ms)
				RefreshPlugins (98ms)
				BeforeProcessingInitializeOnLoad (75ms)
				ProcessInitializeOnLoadAttributes (550ms)
				ProcessInitializeOnLoadMethodAttributes (5ms)
				AfterProcessingInitializeOnLoad (4ms)
				EditorAssembliesLoaded (0ms)
			ExecutionOrderSort2 (0ms)
			AwakeInstancesAfterBackupRestoration (7ms)
Platform modules already initialized, skipping
========================================================================
Worker process is ready to serve import requests
Launched and connected shader compiler UnityShaderCompiler.exe after 0.06 seconds
Refreshing native plugins compatible for Editor in 0.80 ms, found 3 plugins.
Preloading 0 native plugins for Editor in 0.00 ms.
Unloading 3813 Unused Serialized files (Serialized files now loaded: 0)
System memory in use before: 141.6 MB.
System memory in use after: 141.8 MB.

Unloading 136 unused Assets to reduce memory usage. Loaded Objects now: 4239.
Total: 4.480800 ms (FindLiveObjects: 0.334100 ms CreateObjectMapping: 0.128000 ms MarkObjects: 3.763400 ms  DeleteObjects: 0.254100 ms)

AssetImportParameters requested are different than current active one (requested -> active):
  custom:framework-win-MediaFoundation: 216162199b28c13a410421893ffa2e32 -> 
  custom:video-decoder-ogg-theora: a1e56fd34408186e4bbccfd4996cb3dc -> 
  custom:container-muxer-webm: aa71ff27fc2769a1b78a27578f13a17b -> 
  custom:container-demuxer-webm: 4f35f7cbe854078d1ac9338744f61a02 -> 
  custom:container-demuxer-ogg: 62fdf1f143b41e24485cea50d1cbac27 -> 
  custom:video-encoder-webm-vp8: eb34c28f22e8b96e1ab97ce403110664 -> 
  custom:video-decoder-webm-vp8: 9c59270c3fd7afecdb556c50c9e8de78 -> 
  custom:audio-decoder-ogg-vorbis: bf7c407c2cedff20999df2af8eb42d56 -> 
  custom:audio-encoder-webm-vorbis: bf7c407c2cedff20999df2af8eb42d56 -> 
========================================================================
Received Import Request.
  path: Assets/Scripts/MovementTutorialRealSciripts/CustomGravity.cs
  artifactKey: Guid(e98f29e4224b59143ad292351da87fac) Importer(815301076,1909f56bfc062723c751e8b465ee728b)
Start importing Assets/Scripts/MovementTutorialRealSciripts/CustomGravity.cs using Guid(e98f29e4224b59143ad292351da87fac) Importer(815301076,1909f56bfc062723c751e8b465ee728b)  -> (artifact id: '1af885353417a261a9224ef7c266a27b') in 0.033348 seconds 
========================================================================
Received Prepare
Registering precompiled user dll's ...
Registered in 0.004798 seconds.
Begin MonoManager ReloadAssembly
Symbol file LoadedFromMemory doesn't match image D:\_GameDevStuff\UnityStuff\Projects\CatLikeCodingMovement\Library\PackageCache\com.unity.visualscripting@1.6.1\Editor\VisualScripting.Core\Dependencies\YamlDotNet\Unity.VisualScripting.YamlDotNet.dll
Symbol file LoadedFromMemory doesn't match image D:\_GameDevStuff\UnityStuff\Projects\CatLikeCodingMovement\Library\PackageCache\com.unity.visualscripting@1.6.1\Editor\VisualScripting.Core\Dependencies\DotNetZip\Unity.VisualScripting.IonicZip.dll
Native extension for WindowsStandalone target not found
Native extension for WebGL target not found
Refreshing native plugins compatible for Editor in 0.80 ms, found 3 plugins.
Preloading 0 native plugins for Editor in 0.00 ms.
Warning: Annotation not found!
UnityEngine.StackTraceUtility:ExtractStackTrace ()
UnityEditor.ProBuilder.EditorUtility:SetGizmoIconEnabled (System.Type,bool) (at Library/PackageCache/com.unity.probuilder@5.0.3/Editor/EditorCore/EditorUtility.cs:575)
UnityEditor.ProBuilder.HierarchyListener:.cctor () (at Library/PackageCache/com.unity.probuilder@5.0.3/Editor/EditorCore/HierarchyListener.cs:21)
System.Runtime.CompilerServices.RuntimeHelpers:RunClassConstructor (System.RuntimeTypeHandle)
UnityEditor.EditorAssemblies:ProcessInitializeOnLoadAttributes (System.Type[])

[Library/PackageCache/com.unity.probuilder@5.0.3/Editor/EditorCore/EditorUtility.cs line 575]

Mono: successfully reloaded assembly
- Completed reload, in  1.288 seconds
Domain Reload Profiling:
	ReloadAssembly (1288ms)
		BeginReloadAssembly (144ms)
			ExecutionOrderSort (0ms)
			DisableScriptedObjects (6ms)
			BackupInstance (0ms)
			ReleaseScriptingObjects (0ms)
			CreateAndSetChildDomain (41ms)
		EndReloadAssembly (1087ms)
			LoadAssemblies (98ms)
			RebuildTransferFunctionScriptingTraits (0ms)
			SetupTypeCache (369ms)
			ReleaseScriptCaches (1ms)
			RebuildScriptCaches (47ms)
			SetupLoadedEditorAssemblies (467ms)
				LogAssemblyErrors (0ms)
				InitializePlatformSupportModulesInManaged (6ms)
				SetLoadedEditorAssemblies (0ms)
				RefreshPlugins (1ms)
				BeforeProcessingInitializeOnLoad (53ms)
				ProcessInitializeOnLoadAttributes (400ms)
				ProcessInitializeOnLoadMethodAttributes (4ms)
				AfterProcessingInitializeOnLoad (3ms)
				EditorAssembliesLoaded (0ms)
			ExecutionOrderSort2 (0ms)
			AwakeInstancesAfterBackupRestoration (7ms)
Platform modules already initialized, skipping
Refreshing native plugins compatible for Editor in 0.92 ms, found 3 plugins.
Preloading 0 native plugins for Editor in 0.00 ms.
Unloading 3769 Unused Serialized files (Serialized files now loaded: 0)
System memory in use before: 139.0 MB.
System memory in use after: 139.2 MB.

Unloading 19 unused Assets to reduce memory usage. Loaded Objects now: 4246.
Total: 4.210200 ms (FindLiveObjects: 0.345700 ms CreateObjectMapping: 0.109700 ms MarkObjects: 3.676500 ms  DeleteObjects: 0.077100 ms)

AssetImportParameters requested are different than current active one (requested -> active):
  custom:framework-win-MediaFoundation: 216162199b28c13a410421893ffa2e32 -> 
  custom:video-decoder-ogg-theora: a1e56fd34408186e4bbccfd4996cb3dc -> 
  custom:container-muxer-webm: aa71ff27fc2769a1b78a27578f13a17b -> 
  custom:container-demuxer-webm: 4f35f7cbe854078d1ac9338744f61a02 -> 
  custom:container-demuxer-ogg: 62fdf1f143b41e24485cea50d1cbac27 -> 
  custom:video-encoder-webm-vp8: eb34c28f22e8b96e1ab97ce403110664 -> 
  custom:video-decoder-webm-vp8: 9c59270c3fd7afecdb556c50c9e8de78 -> 
  custom:audio-decoder-ogg-vorbis: bf7c407c2cedff20999df2af8eb42d56 -> 
  custom:audio-encoder-webm-vorbis: bf7c407c2cedff20999df2af8eb42d56 -> 
========================================================================
Received Prepare
Registering precompiled user dll's ...
Registered in 0.005175 seconds.
Begin MonoManager ReloadAssembly
Symbol file LoadedFromMemory doesn't match image D:\_GameDevStuff\UnityStuff\Projects\CatLikeCodingMovement\Library\PackageCache\com.unity.visualscripting@1.6.1\Editor\VisualScripting.Core\Dependencies\YamlDotNet\Unity.VisualScripting.YamlDotNet.dll
Symbol file LoadedFromMemory doesn't match image D:\_GameDevStuff\UnityStuff\Projects\CatLikeCodingMovement\Library\PackageCache\com.unity.visualscripting@1.6.1\Editor\VisualScripting.Core\Dependencies\DotNetZip\Unity.VisualScripting.IonicZip.dll
Native extension for WindowsStandalone target not found
Native extension for WebGL target not found
Refreshing native plugins compatible for Editor in 0.82 ms, found 3 plugins.
Preloading 0 native plugins for Editor in 0.00 ms.
Warning: Annotation not found!
UnityEngine.StackTraceUtility:ExtractStackTrace ()
UnityEditor.ProBuilder.EditorUtility:SetGizmoIconEnabled (System.Type,bool) (at Library/PackageCache/com.unity.probuilder@5.0.3/Editor/EditorCore/EditorUtility.cs:575)
UnityEditor.ProBuilder.HierarchyListener:.cctor () (at Library/PackageCache/com.unity.probuilder@5.0.3/Editor/EditorCore/HierarchyListener.cs:21)
System.Runtime.CompilerServices.RuntimeHelpers:RunClassConstructor (System.RuntimeTypeHandle)
UnityEditor.EditorAssemblies:ProcessInitializeOnLoadAttributes (System.Type[])

[Library/PackageCache/com.unity.probuilder@5.0.3/Editor/EditorCore/EditorUtility.cs line 575]

Mono: successfully reloaded assembly
- Completed reload, in  1.274 seconds
Domain Reload Profiling:
	ReloadAssembly (1275ms)
		BeginReloadAssembly (128ms)
			ExecutionOrderSort (0ms)
			DisableScriptedObjects (5ms)
			BackupInstance (0ms)
			ReleaseScriptingObjects (0ms)
			CreateAndSetChildDomain (41ms)
		EndReloadAssembly (1083ms)
			LoadAssemblies (109ms)
			RebuildTransferFunctionScriptingTraits (0ms)
			SetupTypeCache (367ms)
			ReleaseScriptCaches (2ms)
			RebuildScriptCaches (46ms)
			SetupLoadedEditorAssemblies (456ms)
				LogAssemblyErrors (0ms)
				InitializePlatformSupportModulesInManaged (6ms)
				SetLoadedEditorAssemblies (0ms)
				RefreshPlugins (1ms)
				BeforeProcessingInitializeOnLoad (59ms)
				ProcessInitializeOnLoadAttributes (382ms)
				ProcessInitializeOnLoadMethodAttributes (4ms)
				AfterProcessingInitializeOnLoad (4ms)
				EditorAssembliesLoaded (0ms)
			ExecutionOrderSort2 (0ms)
			AwakeInstancesAfterBackupRestoration (9ms)
Platform modules already initialized, skipping
Refreshing native plugins compatible for Editor in 0.90 ms, found 3 plugins.
Preloading 0 native plugins for Editor in 0.00 ms.
Unloading 3769 Unused Serialized files (Serialized files now loaded: 0)
System memory in use before: 139.0 MB.
System memory in use after: 139.2 MB.

Unloading 19 unused Assets to reduce memory usage. Loaded Objects now: 4249.
Total: 4.470800 ms (FindLiveObjects: 0.323900 ms CreateObjectMapping: 0.093000 ms MarkObjects: 3.975100 ms  DeleteObjects: 0.077500 ms)

AssetImportParameters requested are different than current active one (requested -> active):
  custom:framework-win-MediaFoundation: 216162199b28c13a410421893ffa2e32 -> 
  custom:video-decoder-ogg-theora: a1e56fd34408186e4bbccfd4996cb3dc -> 
  custom:container-muxer-webm: aa71ff27fc2769a1b78a27578f13a17b -> 
  custom:container-demuxer-webm: 4f35f7cbe854078d1ac9338744f61a02 -> 
  custom:container-demuxer-ogg: 62fdf1f143b41e24485cea50d1cbac27 -> 
  custom:video-encoder-webm-vp8: eb34c28f22e8b96e1ab97ce403110664 -> 
  custom:video-decoder-webm-vp8: 9c59270c3fd7afecdb556c50c9e8de78 -> 
  custom:audio-decoder-ogg-vorbis: bf7c407c2cedff20999df2af8eb42d56 -> 
  custom:audio-encoder-webm-vorbis: bf7c407c2cedff20999df2af8eb42d56 -> 
========================================================================
Received Import Request.
  Time since last request: 304.333693 seconds.
  path: Assets/VisualScripts/Custom Gravity/GetGravity.asset
  artifactKey: Guid(f1b4805de843a164287b1a2bec0b5e98) Importer(815301076,1909f56bfc062723c751e8b465ee728b)
Start importing Assets/VisualScripts/Custom Gravity/GetGravity.asset using Guid(f1b4805de843a164287b1a2bec0b5e98) Importer(815301076,1909f56bfc062723c751e8b465ee728b)  -> (artifact id: '1924f5fe3116268d0533f3d0cd37224a') in 0.597145 seconds 
========================================================================
Received Import Request.
  Time since last request: 0.000517 seconds.
  path: Assets/VisualScripts/Custom Gravity/GetUpAxis.asset
  artifactKey: Guid(75d2cf4f628160146b230b2452d1e762) Importer(815301076,1909f56bfc062723c751e8b465ee728b)
Start importing Assets/VisualScripts/Custom Gravity/GetUpAxis.asset using Guid(75d2cf4f628160146b230b2452d1e762) Importer(815301076,1909f56bfc062723c751e8b465ee728b) Could not load connection between 'value' of 'GetMember#10ac1...' and 'object' of 'SuperUnit#66943...'.
UnityEngine.StackTraceUtility:ExtractStackTrace ()
UnityEngine.DebugLogHandler:LogFormat (UnityEngine.LogType,UnityEngine.Object,string,object[])
UnityEngine.Logger:Log (UnityEngine.LogType,object)
UnityEngine.Debug:LogWarning (object)
Unity.VisualScripting.UnitConnection`2<Unity.VisualScripting.ValueOutput, Unity.VisualScripting.ValueInput>:HandleDependencies () (at Library/PackageCache/com.unity.visualscripting@1.6.1/Runtime/VisualScripting.Flow/Connections/UnitConnection.cs:143)
Unity.VisualScripting.Graph:OnAfterDependenciesDeserialized () (at Library/PackageCache/com.unity.visualscripting@1.6.1/Runtime/VisualScripting.Core/Graphs/Graph.cs:112)
Unity.VisualScripting.Serialization:CheckIfDependenciesMet (Unity.VisualScripting.ISerializationDepender) (at Library/PackageCache/com.unity.visualscripting@1.6.1/Runtime/VisualScripting.Core/Serialization/Serialization.cs:316)
Unity.VisualScripting.Serialization:AwaitDependencies (Unity.VisualScripting.ISerializationDepender) (at Library/PackageCache/com.unity.visualscripting@1.6.1/Runtime/VisualScripting.Core/Serialization/Serialization.cs:256)
Unity.VisualScripting.Graph:OnAfterDeserialize () (at Library/PackageCache/com.unity.visualscripting@1.6.1/Runtime/VisualScripting.Core/Graphs/Graph.cs:93)
Unity.VisualScripting.FullSerializer.fsSerializationCallbackReceiverProcessor:OnAfterDeserialize (System.Type,object) (at Library/PackageCache/com.unity.visualscripting@1.6.1/Runtime/VisualScripting.Core/Dependencies/FullSerializer/fsISerializationCallbacks.cs:127)
Unity.VisualScripting.FullSerializer.fsSerializer:Invoke_OnAfterDeserialize (System.Collections.Generic.List`1<Unity.VisualScripting.FullSerializer.fsObjectProcessor>,System.Type,object) (at Library/PackageCache/com.unity.visualscripting@1.6.1/Runtime/VisualScripting.Core/Dependencies/FullSerializer/fsSerializer.cs:1186)
Unity.VisualScripting.FullSerializer.fsSerializer:TryDeserialize (Unity.VisualScripting.FullSerializer.fsData,System.Type,System.Type,object&) (at Library/PackageCache/com.unity.visualscripting@1.6.1/Runtime/VisualScripting.Core/Dependencies/FullSerializer/fsSerializer.cs:673)
Unity.VisualScripting.FullSerializer.fsReflectedConverter:TryDeserialize (Unity.VisualScripting.FullSerializer.fsData,object&,System.Type) (at Library/PackageCache/com.unity.visualscripting@1.6.1/Runtime/VisualScripting.Core/Dependencies/FullSerializer/Converters/fsReflectedConverter.cs:97)
Unity.VisualScripting.FullSerializer.fsSerializer:InternalDeserialize_5_Converter (System.Type,Unity.VisualScripting.FullSerializer.fsData,System.Type,object&) (at Library/PackageCache/com.unity.visualscripting@1.6.1/Runtime/VisualScripting.Core/Dependencies/FullSerializer/fsSerializer.cs:897)
Unity.VisualScripting.FullSerializer.fsSerializer:InternalDeserialize_4_Cycles (System.Type,Unity.VisualScripting.FullSerializer.fsData,System.Type,object&) (at Library/PackageCache/com.unity.visualscripting@1.6.1/Runtime/VisualScripting.Core/Dependencies/FullSerializer/fsSerializer.cs:887)
Unity.VisualScripting.FullSerializer.fsSerializer:InternalDeserialize_3_Inheritance (System.Type,Unity.VisualScripting.FullSerializer.fsData,System.Type,object&,System.Collections.Generic.List`1<Unity.VisualScripting.FullSerializer.fsObjectProcessor>&) (at Library/PackageCache/com.unity.visualscripting@1.6.1/Runtime/VisualScripting.Core/Dependencies/FullSerializer/fsSerializer.cs:862)
Unity.VisualScripting.FullSerializer.fsSerializer:InternalDeserialize_2_Version (System.Type,Unity.VisualScripting.FullSerializer.fsData,System.Type,object&,System.Collections.Generic.List`1<Unity.VisualScripting.FullSerializer.fsObjectProcessor>&) (at Library/PackageCache/com.unity.visualscripting@1.6.1/Runtime/VisualScripting.Core/Dependencies/FullSerializer/fsSerializer.cs:766)
Unity.VisualScripting.FullSerializer.fsSerializer:InternalDeserialize_1_CycleReference (System.Type,Unity.VisualScripting.FullSerializer.fsData,System.Type,object&,System.Collections.Generic.List`1<Unity.VisualScripting.FullSerializer.fsObjectProcessor>&) (at Library/PackageCache/com.unity.visualscripting@1.6.1/Runtime/VisualScripting.Core/Dependencies/FullSerializer/fsSerializer.cs:711)
Unity.VisualScripting.FullSerializer.fsSerializer:TryDeserialize (Unity.VisualScripting.FullSerializer.fsData,System.Type,System.Type,object&) (at Library/PackageCache/com.unity.visualscripting@1.6.1/Runtime/VisualScripting.Core/Dependencies/FullSerializer/fsSerializer.cs:664)
Unity.VisualScripting.Serialization:DeserializeJsonUtil (Unity.VisualScripting.FullSerializer.fsSerializer,string,object&,bool) (at Library/PackageCache/com.unity.visualscripting@1.6.1/Runtime/VisualScripting.Core/Serialization/Serialization.cs:182)
Unity.VisualScripting.Serialization:DeserializeJson (Unity.VisualScripting.FullSerializer.fsSerializer,string,object&,bool) (at Library/PackageCache/com.unity.visualscripting@1.6.1/Runtime/VisualScripting.Core/Serialization/Serialization.cs:196)
Unity.VisualScripting.Serialization:DeserializeInto (Unity.VisualScripting.SerializationData,object&,bool) (at Library/PackageCache/com.unity.visualscripting@1.6.1/Runtime/VisualScripting.Core/Serialization/Serialization.cs:122)
Unity.VisualScripting.LudiqScriptableObject:UnityEngine.ISerializationCallbackReceiver.OnAfterDeserialize () (at Library/PackageCache/com.unity.visualscripting@1.6.1/Runtime/VisualScripting.Core/Unity/LudiqScriptableObject.cs:50)

(Filename: Library/PackageCache/com.unity.visualscripting@1.6.1/Runtime/VisualScripting.Flow/Connections/UnitConnection.cs Line: 143)

Could not load connection between 'objectout' of 'SuperUnit#66943...' and 'ifFalse' of 'SelectUnit#b5f33...'.
UnityEngine.StackTraceUtility:ExtractStackTrace ()
UnityEngine.DebugLogHandler:LogFormat (UnityEngine.LogType,UnityEngine.Object,string,object[])
UnityEngine.Logger:Log (UnityEngine.LogType,object)
UnityEngine.Debug:LogWarning (object)
Unity.VisualScripting.UnitConnection`2<Unity.VisualScripting.ValueOutput, Unity.VisualScripting.ValueInput>:HandleDependencies () (at Library/PackageCache/com.unity.visualscripting@1.6.1/Runtime/VisualScripting.Flow/Connections/UnitConnection.cs:143)
Unity.VisualScripting.Graph:OnAfterDependenciesDeserialized () (at Library/PackageCache/com.unity.visualscripting@1.6.1/Runtime/VisualScripting.Core/Graphs/Graph.cs:112)
Unity.VisualScripting.Serialization:CheckIfDependenciesMet (Unity.VisualScripting.ISerializationDepender) (at Library/PackageCache/com.unity.visualscripting@1.6.1/Runtime/VisualScripting.Core/Serialization/Serialization.cs:316)
Unity.VisualScripting.Serialization:AwaitDependencies (Unity.VisualScripting.ISerializationDepender) (at Library/PackageCache/com.unity.visualscripting@1.6.1/Runtime/VisualScripting.Core/Serialization/Serialization.cs:256)
Unity.VisualScripting.Graph:OnAfterDeserialize () (at Library/PackageCache/com.unity.visualscripting@1.6.1/Runtime/VisualScripting.Core/Graphs/Graph.cs:93)
Unity.VisualScripting.FullSerializer.fsSerializationCallbackReceiverProcessor:OnAfterDeserialize (System.Type,object) (at Library/PackageCache/com.unity.visualscripting@1.6.1/Runtime/VisualScripting.Core/Dependencies/FullSerializer/fsISerializationCallbacks.cs:127)
Unity.VisualScripting.FullSerializer.fsSerializer:Invoke_OnAfterDeserialize (System.Collections.Generic.List`1<Unity.VisualScripting.FullSerializer.fsObjectProcessor>,System.Type,object) (at Library/PackageCache/com.unity.visualscripting@1.6.1/Runtime/VisualScripting.Core/Dependencies/FullSerializer/fsSerializer.cs:1186)
Unity.VisualScripting.FullSerializer.fsSerializer:TryDeserialize (Unity.VisualScripting.FullSerializer.fsData,System.Type,System.Type,object&) (at Library/PackageCache/com.unity.visualscripting@1.6.1/Runtime/VisualScripting.Core/Dependencies/FullSerializer/fsSerializer.cs:673)
Unity.VisualScripting.FullSerializer.fsReflectedConverter:TryDeserialize (Unity.VisualScripting.FullSerializer.fsData,object&,System.Type) (at Library/PackageCache/com.unity.visualscripting@1.6.1/Runtime/VisualScripting.Core/Dependencies/FullSerializer/Converters/fsReflectedConverter.cs:97)
Unity.VisualScripting.FullSerializer.fsSerializer:InternalDeserialize_5_Converter (System.Type,Unity.VisualScripting.FullSerializer.fsData,System.Type,object&) (at Library/PackageCache/com.unity.visualscripting@1.6.1/Runtime/VisualScripting.Core/Dependencies/FullSerializer/fsSerializer.cs:897)
Unity.VisualScripting.FullSerializer.fsSerializer:InternalDeserialize_4_Cycles (System.Type,Unity.VisualScripting.FullSerializer.fsData,System.Type,object&) (at Library/PackageCache/com.unity.visualscripting@1.6.1/Runtime/VisualScripting.Core/Dependencies/FullSerializer/fsSerializer.cs:887)
Unity.VisualScripting.FullSerializer.fsSerializer:InternalDeserialize_3_Inheritance (System.Type,Unity.VisualScripting.FullSerializer.fsData,System.Type,object&,System.Collections.Generic.List`1<Unity.VisualScripting.FullSerializer.fsObjectProcessor>&) (at Library/PackageCache/com.unity.visualscripting@1.6.1/Runtime/VisualScripting.Core/Dependencies/FullSerializer/fsSerializer.cs:862)
Unity.VisualScripting.FullSerializer.fsSerializer:InternalDeserialize_2_Version (System.Type,Unity.VisualScripting.FullSerializer.fsData,System.Type,object&,System.Collections.Generic.List`1<Unity.VisualScripting.FullSerializer.fsObjectProcessor>&) (at Library/PackageCache/com.unity.visualscripting@1.6.1/Runtime/VisualScripting.Core/Dependencies/FullSerializer/fsSerializer.cs:766)
Unity.VisualScripting.FullSerializer.fsSerializer:InternalDeserialize_1_CycleReference (System.Type,Unity.VisualScripting.FullSerializer.fsData,System.Type,object&,System.Collections.Generic.List`1<Unity.VisualScripting.FullSerializer.fsObjectProcessor>&) (at Library/PackageCache/com.unity.visualscripting@1.6.1/Runtime/VisualScripting.Core/Dependencies/FullSerializer/fsSerializer.cs:711)
Unity.VisualScripting.FullSerializer.fsSerializer:TryDeserialize (Unity.VisualScripting.FullSerializer.fsData,System.Type,System.Type,object&) (at Library/PackageCache/com.unity.visualscripting@1.6.1/Runtime/VisualScripting.Core/Dependencies/FullSerializer/fsSerializer.cs:664)
Unity.VisualScripting.Serialization:DeserializeJsonUtil (Unity.VisualScripting.FullSerializer.fsSerializer,string,object&,bool) (at Library/PackageCache/com.unity.visualscripting@1.6.1/Runtime/VisualScripting.Core/Serialization/Serialization.cs:182)
Unity.VisualScripting.Serialization:DeserializeJson (Unity.VisualScripting.FullSerializer.fsSerializer,string,object&,bool) (at Library/PackageCache/com.unity.visualscripting@1.6.1/Runtime/VisualScripting.Core/Serialization/Serialization.cs:196)
Unity.VisualScripting.Serialization:DeserializeInto (Unity.VisualScripting.SerializationData,object&,bool) (at Library/PackageCache/com.unity.visualscripting@1.6.1/Runtime/VisualScripting.Core/Serialization/Serialization.cs:122)
Unity.VisualScripting.LudiqScriptableObject:UnityEngine.ISerializationCallbackReceiver.OnAfterDeserialize () (at Library/PackageCache/com.unity.visualscripting@1.6.1/Runtime/VisualScripting.Core/Unity/LudiqScriptableObject.cs:50)

(Filename: Library/PackageCache/com.unity.visualscripting@1.6.1/Runtime/VisualScripting.Flow/Connections/UnitConnection.cs Line: 143)

 -> (artifact id: 'a1c4876c35452d1054640ed733d28754') in 0.016338 seconds 
